160926 10:41:50 [Note] Plugin 'FEDERATED' is disabled.
160926 10:41:50 InnoDB: The InnoDB memory heap is disabled
160926 10:41:50 InnoDB: Mutexes and rw_locks use Windows interlocked functions
160926 10:41:50 InnoDB: Compressed tables use zlib 1.2.3
160926 10:41:50 InnoDB: Initializing buffer pool, size = 128.0M
160926 10:41:50 InnoDB: Completed initialization of buffer pool
160926 10:41:50 InnoDB: highest supported file format is Barracuda.
InnoDB: The log sequence number in ibdata files does not match
InnoDB: the log sequence number in the ib_logfiles!
160926 10:41:50  InnoDB: Database was not shut down normally!
InnoDB: Starting crash recovery.
InnoDB: Reading tablespace information from the .ibd files...
InnoDB: Restoring possible half-written data pages from the doublewrite
InnoDB: buffer...
160926 10:41:51  InnoDB: Waiting for the background threads to start
160926 10:41:52 InnoDB: 1.1.8 started; log sequence number 1899503
160926 10:41:52 [Note] Event Scheduler: Loaded 0 events
160926 10:41:52 [Note] H:\Curso_2015-2016-2017\AAD\Evaluaciones\USBWebserver v8.5\USBWebserver v8.5\8.5/mysql/bin/mysqld_usbwv8.exe: ready for connections.
Version: '5.5.20'  socket: ''  port: 3307  MySQL Community Server (GPL)
160926 11:32:24 [Note] Plugin 'FEDERATED' is disabled.
160926 11:32:24 InnoDB: The InnoDB memory heap is disabled
160926 11:32:24 InnoDB: Mutexes and rw_locks use Windows interlocked functions
160926 11:32:24 InnoDB: Compressed tables use zlib 1.2.3
160926 11:32:24 InnoDB: Initializing buffer pool, size = 128.0M
160926 11:32:24 InnoDB: Completed initialization of buffer pool
160926 11:32:24 InnoDB: highest supported file format is Barracuda.
InnoDB: The log sequence number in ibdata files does not match
InnoDB: the log sequence number in the ib_logfiles!
160926 11:32:24  InnoDB: Database was not shut down normally!
InnoDB: Starting crash recovery.
InnoDB: Reading tablespace information from the .ibd files...
InnoDB: Restoring possible half-written data pages from the doublewrite
InnoDB: buffer...
160926 11:32:25  InnoDB: Waiting for the background threads to start
160926 11:32:26 InnoDB: 1.1.8 started; log sequence number 1942777
160926 11:32:29 [Note] Plugin 'FEDERATED' is disabled.
160926 11:32:29 InnoDB: The InnoDB memory heap is disabled
160926 11:32:29 InnoDB: Mutexes and rw_locks use Windows interlocked functions
160926 11:32:29 InnoDB: Compressed tables use zlib 1.2.3
160926 11:32:29 InnoDB: Initializing buffer pool, size = 128.0M
160926 11:32:29 InnoDB: Completed initialization of buffer pool
160926 11:32:29 InnoDB: highest supported file format is Barracuda.
InnoDB: The log sequence number in ibdata files does not match
InnoDB: the log sequence number in the ib_logfiles!
160926 11:32:29  InnoDB: Database was not shut down normally!
InnoDB: Starting crash recovery.
InnoDB: Reading tablespace information from the .ibd files...
InnoDB: Restoring possible half-written data pages from the doublewrite
InnoDB: buffer...
160926 11:32:29  InnoDB: Waiting for the background threads to start
160926 11:32:30 InnoDB: 1.1.8 started; log sequence number 1942777
160926 12:39:14 [Note] Plugin 'FEDERATED' is disabled.
160926 12:39:14 InnoDB: The InnoDB memory heap is disabled
160926 12:39:14 InnoDB: Mutexes and rw_locks use Windows interlocked functions
160926 12:39:14 InnoDB: Compressed tables use zlib 1.2.3
160926 12:39:14 InnoDB: Initializing buffer pool, size = 128.0M
160926 12:39:14 InnoDB: Completed initialization of buffer pool
160926 12:39:14 InnoDB: highest supported file format is Barracuda.
InnoDB: The log sequence number in ibdata files does not match
InnoDB: the log sequence number in the ib_logfiles!
160926 12:39:14  InnoDB: Database was not shut down normally!
InnoDB: Starting crash recovery.
InnoDB: Reading tablespace information from the .ibd files...
InnoDB: Restoring possible half-written data pages from the doublewrite
InnoDB: buffer...
160926 12:39:15  InnoDB: Waiting for the background threads to start
160926 12:39:16 InnoDB: 1.1.8 started; log sequence number 1948736
161021 13:07:55 [Note] Plugin 'FEDERATED' is disabled.
161021 13:07:55 InnoDB: The InnoDB memory heap is disabled
161021 13:07:55 InnoDB: Mutexes and rw_locks use Windows interlocked functions
161021 13:07:55 InnoDB: Compressed tables use zlib 1.2.3
161021 13:07:55 InnoDB: Initializing buffer pool, size = 128.0M
161021 13:07:55 InnoDB: Completed initialization of buffer pool
161021 13:07:55 InnoDB: highest supported file format is Barracuda.
InnoDB: The log sequence number in ibdata files does not match
InnoDB: the log sequence number in the ib_logfiles!
161021 13:07:55  InnoDB: Database was not shut down normally!
InnoDB: Starting crash recovery.
InnoDB: Reading tablespace information from the .ibd files...
InnoDB: Restoring possible half-written data pages from the doublewrite
InnoDB: buffer...
161021 13:07:56  InnoDB: Waiting for the background threads to start
161021 13:07:57 InnoDB: 1.1.8 started; log sequence number 1948736
161021 13:07:58 [Note] Event Scheduler: Loaded 0 events
161021 13:07:58 [Note] E:\Curso_2015-2016-2017\AAD\Evaluaciones\USBWebserver v8.5\USBWebserver v8.5\8.5/mysql/bin/mysqld_usbwv8.exe: ready for connections.
Version: '5.5.20'  socket: ''  port: 3307  MySQL Community Server (GPL)
170109 12:25:05 [Note] Plugin 'FEDERATED' is disabled.
170109 12:25:05 InnoDB: The InnoDB memory heap is disabled
170109 12:25:05 InnoDB: Mutexes and rw_locks use Windows interlocked functions
170109 12:25:05 InnoDB: Compressed tables use zlib 1.2.3
170109 12:25:05 InnoDB: Initializing buffer pool, size = 128.0M
170109 12:25:05 InnoDB: Completed initialization of buffer pool
170109 12:25:05 InnoDB: highest supported file format is Barracuda.
InnoDB: The log sequence number in ibdata files does not match
InnoDB: the log sequence number in the ib_logfiles!
170109 12:25:05  InnoDB: Database was not shut down normally!
InnoDB: Starting crash recovery.
InnoDB: Reading tablespace information from the .ibd files...
InnoDB: Restoring possible half-written data pages from the doublewrite
InnoDB: buffer...
170109 12:25:06  InnoDB: Waiting for the background threads to start
170109 12:25:07 InnoDB: 1.1.8 started; log sequence number 1969038
170109 12:45:18 [Note] Plugin 'FEDERATED' is disabled.
170109 12:45:18 InnoDB: The InnoDB memory heap is disabled
170109 12:45:18 InnoDB: Mutexes and rw_locks use Windows interlocked functions
170109 12:45:18 InnoDB: Compressed tables use zlib 1.2.3
170109 12:45:19 InnoDB: Initializing buffer pool, size = 128.0M
170109 12:45:19 InnoDB: Completed initialization of buffer pool
170109 12:45:19 InnoDB: highest supported file format is Barracuda.
InnoDB: The log sequence number in ibdata files does not match
InnoDB: the log sequence number in the ib_logfiles!
170109 12:45:19  InnoDB: Database was not shut down normally!
InnoDB: Starting crash recovery.
InnoDB: Reading tablespace information from the .ibd files...
InnoDB: Restoring possible half-written data pages from the doublewrite
InnoDB: buffer...
170109 12:45:19  InnoDB: Waiting for the background threads to start
170109 12:45:20 InnoDB: 1.1.8 started; log sequence number 1969038
170109 12:47:15 [Note] Plugin 'FEDERATED' is disabled.
170109 12:47:15 InnoDB: The InnoDB memory heap is disabled
170109 12:47:15 InnoDB: Mutexes and rw_locks use Windows interlocked functions
170109 12:47:15 InnoDB: Compressed tables use zlib 1.2.3
170109 12:47:15 InnoDB: Initializing buffer pool, size = 128.0M
170109 12:47:15 InnoDB: Completed initialization of buffer pool
170109 12:47:15 InnoDB: highest supported file format is Barracuda.
InnoDB: The log sequence number in ibdata files does not match
InnoDB: the log sequence number in the ib_logfiles!
170109 12:47:15  InnoDB: Database was not shut down normally!
InnoDB: Starting crash recovery.
InnoDB: Reading tablespace information from the .ibd files...
InnoDB: Restoring possible half-written data pages from the doublewrite
InnoDB: buffer...
170109 12:47:16  InnoDB: Waiting for the background threads to start
170109 12:47:17 InnoDB: 1.1.8 started; log sequence number 1969038
170109 12:47:51 [Note] Plugin 'FEDERATED' is disabled.
170109 12:47:51 InnoDB: The InnoDB memory heap is disabled
170109 12:47:51 InnoDB: Mutexes and rw_locks use Windows interlocked functions
170109 12:47:51 InnoDB: Compressed tables use zlib 1.2.3
170109 12:47:51 InnoDB: Initializing buffer pool, size = 128.0M
170109 12:47:51 InnoDB: Completed initialization of buffer pool
170109 12:47:51 InnoDB: highest supported file format is Barracuda.
InnoDB: The log sequence number in ibdata files does not match
InnoDB: the log sequence number in the ib_logfiles!
170109 12:47:51  InnoDB: Database was not shut down normally!
InnoDB: Starting crash recovery.
InnoDB: Reading tablespace information from the .ibd files...
InnoDB: Restoring possible half-written data pages from the doublewrite
InnoDB: buffer...
170109 12:47:51  InnoDB: Waiting for the background threads to start
170109 12:47:52 InnoDB: 1.1.8 started; log sequence number 1969038
170109 12:48:22 [Note] Plugin 'FEDERATED' is disabled.
170109 12:48:22 InnoDB: The InnoDB memory heap is disabled
170109 12:48:22 InnoDB: Mutexes and rw_locks use Windows interlocked functions
170109 12:48:22 InnoDB: Compressed tables use zlib 1.2.3
170109 12:48:22 InnoDB: Initializing buffer pool, size = 128.0M
170109 12:48:22 InnoDB: Completed initialization of buffer pool
170109 12:48:22 InnoDB: highest supported file format is Barracuda.
InnoDB: The log sequence number in ibdata files does not match
InnoDB: the log sequence number in the ib_logfiles!
170109 12:48:22  InnoDB: Database was not shut down normally!
InnoDB: Starting crash recovery.
InnoDB: Reading tablespace information from the .ibd files...
InnoDB: Restoring possible half-written data pages from the doublewrite
InnoDB: buffer...
170109 12:48:22  InnoDB: Waiting for the background threads to start
170109 12:48:23 InnoDB: 1.1.8 started; log sequence number 1969038
170109 12:48:48 [Note] Plugin 'FEDERATED' is disabled.
170109 12:48:48 InnoDB: The InnoDB memory heap is disabled
170109 12:48:48 InnoDB: Mutexes and rw_locks use Windows interlocked functions
170109 12:48:48 InnoDB: Compressed tables use zlib 1.2.3
170109 12:48:48 InnoDB: Initializing buffer pool, size = 128.0M
170109 12:48:48 InnoDB: Completed initialization of buffer pool
170109 12:48:48 InnoDB: highest supported file format is Barracuda.
InnoDB: The log sequence number in ibdata files does not match
InnoDB: the log sequence number in the ib_logfiles!
170109 12:48:48  InnoDB: Database was not shut down normally!
InnoDB: Starting crash recovery.
InnoDB: Reading tablespace information from the .ibd files...
InnoDB: Restoring possible half-written data pages from the doublewrite
InnoDB: buffer...
170109 12:48:49  InnoDB: Waiting for the background threads to start
170109 12:48:50 InnoDB: 1.1.8 started; log sequence number 1969038
170109 12:48:50 [Note] Event Scheduler: Loaded 0 events
170109 12:48:50 [Note] E:\Curso_2015-2016-2017\AAD\Evaluaciones\PrimeraEvaluaciónEx_3_12_2015\Curso_2017\Teoría\Temas\Tema_1_UsoDeConectores\USBWebserver v8.5\USBWebserver v8.5\8.5/mysql/bin/mysqld_usbwv8.exe: ready for connections.
Version: '5.5.20'  socket: ''  port: 3307  MySQL Community Server (GPL)
170921 13:03:55 [Note] Plugin 'FEDERATED' is disabled.
170921 13:03:55 InnoDB: The InnoDB memory heap is disabled
170921 13:03:55 InnoDB: Mutexes and rw_locks use Windows interlocked functions
170921 13:03:55 InnoDB: Compressed tables use zlib 1.2.3
170921 13:03:55 InnoDB: Initializing buffer pool, size = 128.0M
170921 13:03:55 InnoDB: Completed initialization of buffer pool
170921 13:03:57 InnoDB: highest supported file format is Barracuda.
InnoDB: The log sequence number in ibdata files does not match
InnoDB: the log sequence number in the ib_logfiles!
170921 13:03:57  InnoDB: Database was not shut down normally!
InnoDB: Starting crash recovery.
InnoDB: Reading tablespace information from the .ibd files...
InnoDB: Restoring possible half-written data pages from the doublewrite
InnoDB: buffer...
170921 13:03:58  InnoDB: Waiting for the background threads to start
170921 13:03:59 InnoDB: 1.1.8 started; log sequence number 1969038
170922 13:33:19 [Note] Plugin 'FEDERATED' is disabled.
170922 13:33:19 InnoDB: The InnoDB memory heap is disabled
170922 13:33:19 InnoDB: Mutexes and rw_locks use Windows interlocked functions
170922 13:33:19 InnoDB: Compressed tables use zlib 1.2.3
170922 13:33:19 InnoDB: Initializing buffer pool, size = 128.0M
170922 13:33:19 InnoDB: Completed initialization of buffer pool
170922 13:33:19 InnoDB: highest supported file format is Barracuda.
InnoDB: The log sequence number in ibdata files does not match
InnoDB: the log sequence number in the ib_logfiles!
170922 13:33:19  InnoDB: Database was not shut down normally!
InnoDB: Starting crash recovery.
InnoDB: Reading tablespace information from the .ibd files...
InnoDB: Restoring possible half-written data pages from the doublewrite
InnoDB: buffer...
170922 13:33:20  InnoDB: Waiting for the background threads to start
170922 13:33:21 InnoDB: 1.1.8 started; log sequence number 1969038
190918 10:55:27 [Note] Plugin 'FEDERATED' is disabled.
190918 10:55:27 InnoDB: The InnoDB memory heap is disabled
190918 10:55:27 InnoDB: Mutexes and rw_locks use Windows interlocked functions
190918 10:55:27 InnoDB: Compressed tables use zlib 1.2.3
190918 10:55:27 InnoDB: Initializing buffer pool, size = 128.0M
190918 10:55:27 InnoDB: Completed initialization of buffer pool
190918 10:55:34 InnoDB: highest supported file format is Barracuda.
InnoDB: The log sequence number in ibdata files does not match
InnoDB: the log sequence number in the ib_logfiles!
190918 10:55:34  InnoDB: Database was not shut down normally!
InnoDB: Starting crash recovery.
InnoDB: Reading tablespace information from the .ibd files...
InnoDB: Restoring possible half-written data pages from the doublewrite
InnoDB: buffer...
190918 10:57:06 [Note] Plugin 'FEDERATED' is disabled.
190918 10:57:41 InnoDB: The InnoDB memory heap is disabled
190918 10:58:10 InnoDB: Mutexes and rw_locks use Windows interlocked functions
190918 10:58:10 InnoDB: Compressed tables use zlib 1.2.3
190918 10:58:14 InnoDB: Initializing buffer pool, size =110910M1
0:5890918 nnoDB:2WaitingDB: Completackgnitiad thrioads to fstart
ol
190918 10:58:43  InnoDB: Opera190918 st0:5e:r44 nImnno DB: 1.1.8 le operat log seq
uenoDB  Thber 19r69ea7s6t
at another program is using InnoDB's files.
InnoDB: This might be a backup or antivirus software or another instance
InnoDB: of MySQL. Please close it to get rid of this error.
19090918180:5 :120[:o5e9 Eve  InnoDB: ler:e aLiogaded 0  errov numeer n2 in t fsle 
e1at9o0.9
I1no8B  1he: error Note] K:ati ada\AAD\USBWebserverusing InnoDBbse files.
.n5\8B.5/mys ql/bin/mysqld_usbwv8.exe: ready fotware or another
 ersionnc '
Inn.20B: of MySQ: ''Pleaset: 3307  M toQLget riun ofy tServer (GPL
)
190918 10:59:43  InnoDB: Operating system error number 32 in a file operation.
InnoDB: The error means that another program is using InnoDB's files.
InnoDB: This might be a backup or antivirus software or another instance
InnoDB: of MySQL. Please close it to get rid of this error.
190918 11:00:21  InnoDB: Operating system error number 32 in a file operation.
InnoDB: The error means that another program is using InnoDB's files.
InnoDB: This might be a backup or antivirus software or another instance
InnoDB: of MySQL. Please close it to get rid of this error.
190918 11:01:23  InnoDB: Operating system error number 32 in a file operation.
InnoDB: The error means that another program is using InnoDB's files.
InnoDB: This might be a backup or antivirus software or another instance
InnoDB: of MySQL. Please close it to get rid of this error.
190918 11:02:26  InnoDB: Operating system error number 32 in a file operation.
InnoDB: The error means that another program is using InnoDB's files.
InnoDB: This might be a backup or antivirus software or another instance
InnoDB: of MySQL. Please close it to get rid of this error.
190918 11:02:53  InnoDB: Operating system error number 32 in a file operation.
InnoDB: The error means that another program is using InnoDB's files.
InnoDB: This might be a backup or antivirus software or another instance
InnoDB: of MySQL. Please close it to get rid of this error.
190918 11:03:24  InnoDB: Operating system error number 32 in a file operation.
InnoDB: The error means that another program is using InnoDB's files.
InnoDB: This might be a backup or antivirus software or another instance
InnoDB: of MySQL. Please close it to get rid of this error.
190918 11:03:45  InnoDB: Operating system error number 32 in a file operation.
InnoDB: The error means that another program is using InnoDB's files.
InnoDB: This might be a backup or antivirus software or another instance
InnoDB: of MySQL. Please close it to get rid of this error.
190918 11:04:07  InnoDB: Operating system error number 32 in a file operation.
InnoDB: The error means that another program is using InnoDB's files.
InnoDB: This might be a backup or antivirus software or another instance
InnoDB: of MySQ