150225 10:43:25 [Note] Plugin 'FEDERATED' is disabled.
150225 10:43:25 InnoDB: The InnoDB memory heap is disabled
150225 10:43:25 InnoDB: Mutexes and rw_locks use Windows interlocked functions
150225 10:43:25 InnoDB: Compressed tables use zlib 1.2.3
150225 10:43:25 InnoDB: Initializing buffer pool, size = 128.0M
150225 10:43:25 InnoDB: Completed initialization of buffer pool
150225 10:43:25 InnoDB: highest supported file format is Barracuda.
InnoDB: The log sequence number in ibdata files does not match
InnoDB: the log sequence number in the ib_logfiles!
150225 10:43:25  InnoDB: Database was not shut down normally!
InnoDB: Starting crash recovery.
InnoDB: Reading tablespace information from the .ibd files...
InnoDB: Restoring possible half-written data pages from the doublewrite
InnoDB: buffer...
150225 10:43:29  InnoDB: Waiting for the background threads to start
150225 10:43:30 InnoDB: 1.1.8 started; log sequence number 1649991
150225 10:43:31 [Note] Event Scheduler: Loaded 0 events
150225 10:43:31 [Note] F:\Curso_2015_Actualizado\curso_2015\AAD\SegundaEvaluación\TEMA 2_Manejo_De_Conectores\USBWebserver v8.5\USBWebserver v8.5\8.5/mysql/bin/mysqld_usbwv8.exe: ready for connections.
Version: '5.5.20'  socket: ''  port: 3307  MySQL Community Server (GPL)
160302 14:00:39 [Note] Plugin 'FEDERATED' is disabled.
160302 14:00:39 InnoDB: The InnoDB memory heap is disabled
160302 14:00:39 InnoDB: Mutexes and rw_locks use Windows interlocked functions
160302 14:00:39 InnoDB: Compressed tables use zlib 1.2.3
160302 14:00:39 InnoDB: Initializing buffer pool, size = 128.0M
160302 14:00:39 InnoDB: Completed initialization of buffer pool
160302 14:00:39 InnoDB: highest supported file format is Barracuda.
InnoDB: The log sequence number in ibdata files does not match
InnoDB: the log sequence number in the ib_logfiles!
160302 14:00:39  InnoDB: Database was not shut down normally!
InnoDB: Starting crash recovery.
InnoDB: Reading tablespace information from the .ibd files...
InnoDB: Restoring possible half-written data pages from the doublewrite
InnoDB: buffer...
160302 14:00:39  InnoDB: Waiting for the background threads to start
160302 14:00:40 InnoDB: 1.1.8 started; log sequence number 1804172
160302 14:00:41 [Note] Event Scheduler: Loaded 0 events
160302 14:00:41 [Note] G:\Curso_2015-2016\AAD\PrimeraEvaluaciónEx_3_12_2015\TEMAS_Principal\Tema_1_UsoDeConectores\USBWebserver v8.5\USBWebserver v8.5\8.5/mysql/bin/mysqld_usbwv8.exe: ready for connections.
Version: '5.5.20'  socket: ''  port: 3307  MySQL Community Server (GPL)
160510 11:08:41 [Note] Plugin 'FEDERATED' is disabled.
160510 11:08:41 InnoDB: The InnoDB memory heap is disabled
160510 11:08:41 InnoDB: Mutexes and rw_locks use Windows interlocked functions
160510 11:08:41 InnoDB: Compressed tables use zlib 1.2.3
160510 11:08:41 InnoDB: Initializing buffer pool, size = 128.0M
160510 11:08:41 InnoDB: Completed initialization of buffer pool
160510 11:08:41 InnoDB: highest supported file format is Barracuda.
InnoDB: The log sequence number in ibdata files does not match
InnoDB: the log sequence number in the ib_logfiles!
160510 11:08:41  InnoDB: Database was not shut down normally!
InnoDB: Starting crash recovery.
InnoDB: Reading tablespace information from the .ibd files...
InnoDB: Restoring possible half-written data pages from the doublewrite
InnoDB: buffer...
160510 11:08:41  InnoDB: Waiting for the background threads to start
160510 11:08:42 InnoDB: 1.1.8 started; log sequence number 1861788
160510 11:08:43 [Note] Event Scheduler: Loaded 0 events
160510 11:08:43 [Note] F:\Curso_2015-2016\AAD\Evaluaciones\PrimeraEvaluaciónEx_3_12_2015\TEMAS_Principal\Tema_1_UsoDeConectores\USBWebserver v8.5\USBWebserver v8.5\8.5/mysql/bin/mysqld_usbwv8.exe: ready for connections.
Version: '5.5.20'  socket: ''  port: 3307  MySQL Community Server (GPL)
