140507 20:29:48 [Note] Plugin 'FEDERATED' is disabled.
140507 20:29:48 InnoDB: The InnoDB memory heap is disabled
140507 20:29:48 InnoDB: Mutexes and rw_locks use Windows interlocked functions
140507 20:29:48 InnoDB: Compressed tables use zlib 1.2.3
140507 20:29:48 InnoDB: Initializing buffer pool, size = 128.0M
140507 20:29:48 InnoDB: Completed initialization of buffer pool
140507 20:29:49 InnoDB: highest supported file format is Barracuda.
InnoDB: The log sequence number in ibdata files does not match
InnoDB: the log sequence number in the ib_logfiles!
140507 20:29:49  InnoDB: Database was not shut down normally!
InnoDB: Starting crash recovery.
InnoDB: Reading tablespace information from the .ibd files...
InnoDB: Restoring possible half-written data pages from the doublewrite
InnoDB: buffer...
140507 20:29:49  InnoDB: Waiting for the background threads to start
140507 20:29:50 InnoDB: 1.1.8 started; log sequence number 1595675
140507 20:29:51 [Note] Event Scheduler: Loaded 0 events
140507 20:29:51 [Note] F:\curso-2014\Modulos_2014\Modulo_POO\EVALUACIONES_2014\TerceraEvaluacion_2014\USBWebserver v8.5\USBWebserver v8.5\8.5/mysql/bin/mysqld_usbwv8.exe: ready for connections.
Version: '5.5.20'  socket: ''  port: 3307  MySQL Community Server (GPL)
140507 23:06:27 [Note] Plugin 'FEDERATED' is disabled.
140507 23:06:27 InnoDB: The InnoDB memory heap is disabled
140507 23:06:27 InnoDB: Mutexes and rw_locks use Windows interlocked functions
140507 23:06:27 InnoDB: Compressed tables use zlib 1.2.3
140507 23:06:27 InnoDB: Initializing buffer pool, size = 128.0M
140507 23:06:27 InnoDB: Completed initialization of buffer pool
140507 23:06:27 InnoDB: highest supported file format is Barracuda.
InnoDB: The log sequence number in ibdata files does not match
InnoDB: the log sequence number in the ib_logfiles!
140507 23:06:27  InnoDB: Database was not shut down normally!
InnoDB: Starting crash recovery.
InnoDB: Reading tablespace information from the .ibd files...
InnoDB: Restoring possible half-written data pages from the doublewrite
InnoDB: buffer...
140507 23:06:27  InnoDB: Waiting for the background threads to start
140507 23:06:28 InnoDB: 1.1.8 started; log sequence number 1601153
140609 21:24:39 [Note] Plugin 'FEDERATED' is disabled.
140609 21:24:39 InnoDB: The InnoDB memory heap is disabled
140609 21:24:39 InnoDB: Mutexes and rw_locks use Windows interlocked functions
140609 21:24:39 InnoDB: Compressed tables use zlib 1.2.3
140609 21:24:39 InnoDB: Initializing buffer pool, size = 128.0M
140609 21:24:39 InnoDB: Completed initialization of buffer pool
140609 21:24:39 InnoDB: highest supported file format is Barracuda.
InnoDB: The log sequence number in ibdata files does not match
InnoDB: the log sequence number in the ib_logfiles!
140609 21:24:39  InnoDB: Database was not shut down normally!
InnoDB: Starting crash recovery.
InnoDB: Reading tablespace information from the .ibd files...
InnoDB: Restoring possible half-written data pages from the doublewrite
InnoDB: buffer...
140609 21:24:42  InnoDB: Waiting for the background threads to start
140609 21:24:43 InnoDB: 1.1.8 started; log sequence number 1601153
140609 21:24:43 [Note] Event Scheduler: Loaded 0 events
140609 21:24:43 [Note] F:\curso-2014\Modulos_2014\Modulo_POO\EVALUACIONES_2014\TerceraEvaluacion_2014\Varios_Bases_De_DATOS\USBWebserver v8.5\USBWebserver v8.5\8.5/mysql/bin/mysqld_usbwv8.exe: ready for connections.
Version: '5.5.20'  socket: ''  port: 3307  MySQL Community Server (GPL)
